<?xml version="1.0" encoding="UTF-8"?>
<testsuite xmlns:xsi="http://www.w3.org/2001/XMLSchema-instance" xsi:noNamespaceSchemaLocation="https://maven.apache.org/surefire/maven-surefire-plugin/xsd/surefire-test-report-3.0.xsd" version="3.0" name="com.no_country.foodTech_delivery.api.C1420FtJavaAngularApplicationTests" time="33.485" tests="1" errors="0" skipped="0" failures="0">
  <properties>
[...]
</properties>
  <testcase name="contextLoads" classname="com.no_country.foodTech_delivery.api.C1420FtJavaAngularApplicationTests" time="1.047">
    <system-out><![CDATA[18:55:46.775 [main] INFO org.springframework.test.context.support.AnnotationConfigContextLoaderUtils -- Could not detect default configuration classes for test class [com.no_country.foodTech_delivery.api.C1420FtJavaAngularApplicationTests]: C1420FtJavaAngularApplicationTests does not declare any static, non-private, non-final, nested classes annotated with @Configuration.
18:55:47.049 [main] INFO org.springframework.boot.test.context.SpringBootTestContextBootstrapper -- Found @SpringBootConfiguration com.no_country.foodTech_delivery.api.C1420FtJavaAngularApplication for test class com.no_country.foodTech_delivery.api.C1420FtJavaAngularApplicationTests
18:55:47.647 [main] INFO org.springframework.boot.devtools.restart.RestartApplicationListener -- Restart disabled due to context in which it is running

  .   ____          _            __ _ _
 /\\ / ___'_ __ _ _(_)_ __  __ _ \ \ \ \
( ( )\___ | '_ | '_| | '_ \/ _` | \ \ \ \
 \\/  ___)| |_)| | | | | || (_| |  ) ) ) )
  '  |____| .__|_| |_|_| |_\__, | / / / /
 =========|_|==============|___/=/_/_/_/
 :: Spring Boot ::                (v3.1.5)

2023-11-02T18:55:48.292-03:00  INFO 7836 --- [           main] n.f.a.C1420FtJavaAngularApplicationTests : Starting C1420FtJavaAngularApplicationTests using Java 17.0.8 with PID 7836 (started by Usuario in D:\Proyecto\Proyectos\no-Country\c14-20-ft-java-angular\backend)
2023-11-02T18:55:48.295-03:00  INFO 7836 --- [           main] n.f.a.C1420FtJavaAngularApplicationTests : No active profile set, falling back to 1 default profile: "default"
2023-11-02T18:55:50.326-03:00  INFO 7836 --- [           main] .s.d.r.c.RepositoryConfigurationDelegate : Bootstrapping Spring Data JPA repositories in DEFAULT mode.
2023-11-02T18:55:50.475-03:00  INFO 7836 --- [           main] .s.d.r.c.RepositoryConfigurationDelegate : Finished Spring Data repository scanning in 120 ms. Found 6 JPA repository interfaces.
2023-11-02T18:55:52.707-03:00  INFO 7836 --- [           main] o.f.c.internal.license.VersionPrinter    : Flyway Community Edition 9.16.3 by Redgate
2023-11-02T18:55:52.707-03:00  INFO 7836 --- [           main] o.f.c.internal.license.VersionPrinter    : See release notes here: https://rd.gt/416ObMi
2023-11-02T18:55:52.707-03:00  INFO 7836 --- [           main] o.f.c.internal.license.VersionPrinter    : 
2023-11-02T18:55:52.729-03:00  INFO 7836 --- [           main] com.zaxxer.hikari.HikariDataSource       : HikariPool-1 - Starting...
2023-11-02T18:55:56.815-03:00  INFO 7836 --- [           main] com.zaxxer.hikari.pool.HikariPool        : HikariPool-1 - Added connection com.mysql.cj.jdbc.ConnectionImpl@5d7dd549
2023-11-02T18:55:56.818-03:00  INFO 7836 --- [           main] com.zaxxer.hikari.HikariDataSource       : HikariPool-1 - Start completed.
2023-11-02T18:55:57.128-03:00  INFO 7836 --- [           main] o.f.c.i.database.base.BaseDatabaseType   : Database: jdbc:mysql://btpukp5xlry6132p578b-mysql.services.clever-cloud.com:3306/btpukp5xlry6132p578b (MySQL 8.0)
2023-11-02T18:56:01.632-03:00  INFO 7836 --- [           main] o.f.core.internal.command.DbValidate     : Successfully validated 0 migrations (execution time 00:01.581s)
2023-11-02T18:56:01.632-03:00  WARN 7836 --- [           main] o.f.core.internal.command.DbValidate     : No migrations found. Are your locations set up correctly?
2023-11-02T18:56:04.525-03:00  INFO 7836 --- [           main] o.f.core.internal.command.DbMigrate      : Current version of schema `btpukp5xlry6132p578b`: << Empty Schema >>
2023-11-02T18:56:04.789-03:00  INFO 7836 --- [           main] o.f.core.internal.command.DbMigrate      : Schema `btpukp5xlry6132p578b` is up to date. No migration necessary.
2023-11-02T18:56:06.504-03:00  INFO 7836 --- [           main] o.hibernate.jpa.internal.util.LogHelper  : HHH000204: Processing PersistenceUnitInfo [name: default]
2023-11-02T18:56:06.657-03:00  INFO 7836 --- [           main] org.hibernate.Version                    : HHH000412: Hibernate ORM core version 6.2.13.Final
2023-11-02T18:56:06.664-03:00  INFO 7836 --- [           main] org.hibernate.cfg.Environment            : HHH000406: Using bytecode reflection optimizer
2023-11-02T18:56:07.481-03:00  INFO 7836 --- [           main] o.s.o.j.p.SpringPersistenceUnitInfo      : No LoadTimeWeaver setup: ignoring JPA class transformer
2023-11-02T18:56:08.365-03:00  WARN 7836 --- [           main] org.hibernate.orm.deprecation            : HHH90000025: MySQLDialect does not need to be specified explicitly using 'hibernate.dialect' (remove the property setting and it will be selected by default)
2023-11-02T18:56:10.545-03:00  INFO 7836 --- [           main] o.h.e.t.j.p.i.JtaPlatformInitiator       : HHH000489: No JTA platform available (set 'hibernate.transaction.jta.platform' to enable JTA platform integration)
2023-11-02T18:56:16.397-03:00  INFO 7836 --- [           main] j.LocalContainerEntityManagerFactoryBean : Initialized JPA EntityManagerFactory for persistence unit 'default'
2023-11-02T18:56:17.412-03:00  WARN 7836 --- [           main] JpaBaseConfiguration$JpaWebConfiguration : spring.jpa.open-in-view is enabled by default. Therefore, database queries may be performed during view rendering. Explicitly configure spring.jpa.open-in-view to disable this warning
2023-11-02T18:56:17.706-03:00  INFO 7836 --- [           main] o.s.s.web.DefaultSecurityFilterChain     : Will secure any request with [org.springframework.security.web.session.DisableEncodeUrlFilter@1fd4850b, org.springframework.security.web.context.request.async.WebAsyncManagerIntegrationFilter@1db9d253, org.springframework.security.web.context.SecurityContextHolderFilter@193d73d3, org.springframework.security.web.header.HeaderWriterFilter@464017f5, org.springframework.security.web.authentication.logout.LogoutFilter@213c812a, com.no_country.foodTech_delivery.api.security.jwt.JwtAuthorizationFilter@1773faf8, com.no_country.foodTech_delivery.api.security.jwt.JwtAuthenticationFilter@6f5f892c, org.springframework.security.web.savedrequest.RequestCacheAwareFilter@978475b, org.springframework.security.web.servletapi.SecurityContextHolderAwareRequestFilter@10b0dd3a, org.springframework.security.web.authentication.AnonymousAuthenticationFilter@1b2e841, org.springframework.security.web.session.SessionManagementFilter@397f9672, org.springframework.security.web.access.ExceptionTranslationFilter@44b82007, org.springframework.security.web.access.intercept.AuthorizationFilter@3df7e309]
2023-11-02T18:56:18.812-03:00  INFO 7836 --- [           main] n.f.a.C1420FtJavaAngularApplicationTests : Started C1420FtJavaAngularApplicationTests in 31.197 seconds (process running for 34.181)
]]></system-out>
  </testcase>
</testsuite>